0 info it worked if it ends with ok
1 verbose cli [ '/home/aeolus/.nvm/versions/node/v6.10.2/bin/node',
1 verbose cli   '/home/aeolus/.nvm/versions/node/v6.10.2/bin/npm',
1 verbose cli   'start' ]
2 info using npm@3.10.10
3 info using node@v6.10.2
4 verbose run-script [ 'prestart', 'start', 'poststart' ]
5 info lifecycle udid_demo@0.1.0~prestart: udid_demo@0.1.0
6 silly lifecycle udid_demo@0.1.0~prestart: no script for prestart, continuing
7 info lifecycle udid_demo@0.1.0~start: udid_demo@0.1.0
8 verbose lifecycle udid_demo@0.1.0~start: unsafe-perm in lifecycle true
9 verbose lifecycle udid_demo@0.1.0~start: PATH: /home/aeolus/.nvm/versions/node/v6.10.2/lib/node_modules/npm/bin/node-gyp-bin:/mnt/d/git/udid/node_modules/.bin:/home/aeolus/.nvm/versions/node/v6.10.2/bin:/usr/local/sbin:/usr/local/bin:/usr/sbin:/usr/bin:/sbin:/bin:/usr/games:/usr/local/games:/mnt/c/Program Files (x86)/Intel/iCLS Client:/mnt/c/Program Files/Intel/iCLS Client:/mnt/c/Windows/System32:/mnt/c/Windows:/mnt/c/Windows/System32/wbem:/mnt/c/Windows/System32/WindowsPowerShell/v1.0:/mnt/c/Program Files/Lenovo/Fingerprint Manager Pro:/mnt/c/Program Files (x86)/Common Files/LENOVO:/mnt/c/Program Files (x86)/Intel/Intel(R) Management Engine Components/DAL:/mnt/c/Program Files/Intel/Intel(R) Management Engine Components/DAL:/mnt/c/Program Files (x86)/Intel/Intel(R) Management Engine Components/IPT:/mnt/c/Program Files/Intel/Intel(R) Management Engine Components/IPT:/mnt/c/Program Files/Intel/WiFi/bin:/mnt/c/Program Files/Common Files/Intel/WirelessCommon:/mnt/c/Program Files (x86)/GtkSharp/2.12/bin:/mnt/c/Program Files (x86)/Autodesk/Backburner:/mnt/c/Program Files (x86)/Java/jdk1.8.0_72/bin:/mnt/d/ZWork/play/play:/mnt/c/Users/Zq/AppData/Local/Microsoft/WindowsApps:/mnt/c/Program Files/Intel/WiFi/bin:/mnt/c/Program Files/Common Files/Intel/WirelessCommon
10 verbose lifecycle udid_demo@0.1.0~start: CWD: /mnt/d/git/udid
11 silly lifecycle udid_demo@0.1.0~start: Args: [ '-c', 'node ./bin/www' ]
12 silly lifecycle udid_demo@0.1.0~start: Returned: code: 1  signal: null
13 info lifecycle udid_demo@0.1.0~start: Failed to exec start script
14 verbose stack Error: udid_demo@0.1.0 start: `node ./bin/www`
14 verbose stack Exit status 1
14 verbose stack     at EventEmitter.<anonymous> (/home/aeolus/.nvm/versions/node/v6.10.2/lib/node_modules/npm/lib/utils/lifecycle.js:255:16)
14 verbose stack     at emitTwo (events.js:106:13)
14 verbose stack     at EventEmitter.emit (events.js:191:7)
14 verbose stack     at ChildProcess.<anonymous> (/home/aeolus/.nvm/versions/node/v6.10.2/lib/node_modules/npm/lib/utils/spawn.js:40:14)
14 verbose stack     at emitTwo (events.js:106:13)
14 verbose stack     at ChildProcess.emit (events.js:191:7)
14 verbose stack     at maybeClose (internal/child_process.js:886:16)
14 verbose stack     at Process.ChildProcess._handle.onexit (internal/child_process.js:226:5)
15 verbose pkgid udid_demo@0.1.0
16 verbose cwd /mnt/d/git/udid
17 error Linux 4.4.0-43-Microsoft
18 error argv "/home/aeolus/.nvm/versions/node/v6.10.2/bin/node" "/home/aeolus/.nvm/versions/node/v6.10.2/bin/npm" "start"
19 error node v6.10.2
20 error npm  v3.10.10
21 error code ELIFECYCLE
22 error udid_demo@0.1.0 start: `node ./bin/www`
22 error Exit status 1
23 error Failed at the udid_demo@0.1.0 start script 'node ./bin/www'.
23 error Make sure you have the latest version of node.js and npm installed.
23 error If you do, this is most likely a problem with the udid_demo package,
23 error not with npm itself.
23 error Tell the author that this fails on your system:
23 error     node ./bin/www
23 error You can get information on how to open an issue for this project with:
23 error     npm bugs udid_demo
23 error Or if that isn't available, you can get their info via:
23 error     npm owner ls udid_demo
23 error There is likely additional logging output above.
24 verbose exit [ 1, true ]
